This is XeTeX, Version 3.14159265-2.6-0.99992 (TeX Live 2015/W32TeX) (preloaded format=xelatex 2016.12.13)  24 FEB 2017 17:45
entering extended mode
 restricted \write18 enabled.
 %&-line parsing enabled.
**./references.tex
(./references.tex
LaTeX2e <2015/01/01>
Babel <3.9l> and hyphenation patterns for 79 languages loaded.
\bibdata{./References/references}
No file references.bbl.
)
! Emergency stop.
<*> ./references.tex
                    
*** (job aborted, no legal \end found)

 
Here is how much of TeX's memory you used:
 5 strings out of 493706
 60 string characters out of 6148912
 53323 words of memory out of 5000000
 3446 multiletter control sequences out of 15000+600000
 3640 words of font info for 14 fonts, out of 8000000 for 9000
 1328 hyphenation exceptions out of 8191
 5i,0n,3p,196b,17s stack positions out of 5000i,500n,10000p,200000b,80000s
No pages of output.
